TN:
SF:src/DaiInterestRateStrategy.sol
FN:129,DaiInterestRateStrategy.recompute
FN:163,DaiInterestRateStrategy.calculateInterestRates
FN:205,DaiInterestRateStrategy.getDebtRatio
FN:209,DaiInterestRateStrategy.getBaseBorrowRate
FN:213,DaiInterestRateStrategy.getLastUpdateTimestamp
FNDA:3,DaiInterestRateStrategy.getLastUpdateTimestamp
FNDA:3,DaiInterestRateStrategy.getDebtRatio
FNDA:260,DaiInterestRateStrategy.calculateInterestRates
FNDA:259,DaiInterestRateStrategy.getBaseBorrowRate
FNDA:260,DaiInterestRateStrategy.recompute
FNF:5
FNH:5
BRDA:134,0,0,107
BRDA:134,0,1,260
BRDA:142,1,0,60
BRDA:142,1,1,233
BRDA:143,2,0,60
BRDA:143,2,1,233
BRDA:145,3,0,60
BRDA:145,3,1,233
BRDA:178,4,0,-
BRDA:178,4,1,250
BRDA:189,5,0,124
BRDA:189,5,1,260
BRF:12
BRH:11
DA:130,260
DA:133,260
DA:134,260
DA:137,107
DA:141,260
DA:142,260
DA:143,245
DA:144,233
DA:145,233
DA:146,60
DA:149,12
DA:152,15
DA:155,260
DA:171,260
DA:173,260
DA:175,260
DA:176,260
DA:178,260
DA:179,250
DA:180,250
DA:183,250
DA:186,260
DA:187,260
DA:189,260
DA:192,124
DA:195,124
DA:198,124
DA:202,260
DA:206,3
DA:210,259
DA:214,3
LF:31
LH:31
end_of_record
TN:
SF:src/SparkConduit.sol
FN:81,SparkConduit.setRoles
FN:87,SparkConduit.setRegistry
FN:93,SparkConduit.setSubsidySpread
FN:99,SparkConduit.setAssetEnabled
FN:110,SparkConduit.deposit
FN:131,SparkConduit.withdraw
FN:163,SparkConduit.requestFunds
FN:182,SparkConduit.withdrawAndRequestFunds
FN:200,SparkConduit.cancelFundRequest
FN:214,SparkConduit.maxDeposit
FN:220,SparkConduit.maxWithdraw
FN:226,SparkConduit.getInterestData
FN:242,SparkConduit.getAssetData
FN:257,SparkConduit.getPosition
FN:267,SparkConduit.getTotalDeposits
FN:271,SparkConduit.getTotalRequestedFunds
FN:275,SparkConduit.getDeposits
FN:279,SparkConduit.getRequestedFunds
FN:285,SparkConduit.getAvailableLiquidity
FN:293,SparkConduit._convertToAssets
FN:297,SparkConduit._convertToShares
FN:302,SparkConduit._convertToWithdrawShares
FN:310,SparkConduit._min
FN:314,SparkConduit._rayMul
FN:318,SparkConduit._rayDiv
FNDA:2605,SparkConduit._convertToShares
FNDA:1566,SparkConduit.deposit
FNDA:523,SparkConduit.getTotalRequestedFunds
FNDA:514,SparkConduit.getPosition
FNDA:257,SparkConduit.getInterestData
FNDA:15,SparkConduit.withdraw
FNDA:2,SparkConduit.maxDeposit
FNDA:3,SparkConduit.cancelFundRequest
FNDA:1041,SparkConduit.requestFunds
FNDA:2140,SparkConduit._convertToAssets
FNDA:3,SparkConduit.maxWithdraw
FNDA:18,SparkConduit._convertToWithdrawShares
FNDA:2,SparkConduit.setRoles
FNDA:5,SparkConduit.setAssetEnabled
FNDA:5,SparkConduit.withdrawAndRequestFunds
FNDA:3688,SparkConduit._rayMul
FNDA:259,SparkConduit.setSubsidySpread
FNDA:3,SparkConduit.getAssetData
FNDA:2623,SparkConduit._rayDiv
FNDA:1107,SparkConduit._min
FNDA:514,SparkConduit.getAvailableLiquidity
FNDA:532,SparkConduit.getTotalDeposits
FNDA:2,SparkConduit.setRegistry
FNDA:532,SparkConduit.getRequestedFunds
FNDA:532,SparkConduit.getDeposits
FNF:25
FNH:25
BRDA:111,0,0,1
BRDA:111,0,1,1564
BRDA:112,1,0,1
BRDA:112,1,1,1563
BRDA:148,2,0,4
BRDA:148,2,1,18
BRDA:166,3,0,1
BRDA:166,3,1,1042
BRDA:188,4,0,4
BRDA:188,4,1,5
BRDA:194,5,0,3
BRDA:194,5,1,5
BRDA:202,6,0,1
BRDA:202,6,1,1
BRF:14
BRH:14
DA:82,1
DA:84,1
DA:88,1
DA:90,1
DA:94,258
DA:96,258
DA:100,4
DA:101,4
DA:103,4
DA:111,1565
DA:112,1564
DA:117,1563
DA:120,1563
DA:122,1563
DA:123,1563
DA:125,1563
DA:126,1562
DA:128,1562
DA:135,18
DA:139,18
DA:140,18
DA:143,18
DA:144,18
DA:146,18
DA:148,18
DA:150,4
DA:152,4
DA:153,4
DA:156,18
DA:158,18
DA:160,18
DA:166,1043
DA:169,1042
DA:172,1042
DA:174,1042
DA:176,1042
DA:179,1042
DA:185,5
DA:188,5
DA:189,4
DA:190,4
DA:194,5
DA:195,3
DA:196,3
DA:201,2
DA:202,2
DA:204,1
DA:205,1
DA:207,1
DA:217,2
DA:223,21
DA:230,257
DA:231,257
DA:232,257
DA:234,257
DA:249,3
DA:250,3
DA:260,514
DA:261,514
DA:268,532
DA:272,523
DA:276,532
DA:282,532
DA:286,1583
DA:294,2140
DA:298,2605
DA:305,18
DA:307,18
DA:311,1107
DA:315,3688
DA:319,2623
LF:71
LH:71
end_of_record
